Arguments: 
  C:\Program Files\nodejs\node.exe C:\Users\statk\AppData\Roaming\npm\node_modules\yarn\bin\yarn.js install

PATH: 
  C:\Program Files (x86)\Common Files\Oracle\Java\javapath;C:\Python311\Scripts\;C:\Python311\;C:\Windows\system32;C:\Windows;C:\Windows\System32\Wbem;C:\Windows\System32\WindowsPowerShell\v1.0\;C:\Windows\System32\OpenSSH\;C:\Program Files\Git\cmd;C:\Program Files\nodejs\;C:\ProgramData\chocolatey\bin;;C:\Program Files (x86)\NVIDIA Corporation\PhysX\Common;C:\Program Files\NVIDIA Corporation\NVIDIA NvDLISR;C:\Users\statk\AppData\Local\Microsoft\WindowsApps;C:\Users\statk\AppData\Roaming\npm;C:\Users\statk\AppData\Local\JetBrains\Toolbox\scripts;C:\Users\statk\AppData\Local\Programs\Microsoft VS Code\bin;C:\Users\statk\AppData\Local\Android\Sdk\platform-tools;C:\Users\statk\WebstormProjects\manage-my-time.application\node_modules\.bin

Yarn version: 
  1.22.19

Node version: 
  18.17.0

Platform: 
  win32 x64

Trace: 
  Error: connect EHOSTUNREACH 104.16.29.34:443
      at TCPConnectWrap.afterConnect [as oncomplete] (node:net:1495:16)

npm manifest: 
  {
    "name": "manage-my-time",
    "version": "12.0.0",
    "main": "node_modules/expo/AppEntry.js",
    "scripts": {
      "start": "expo start",
      "android": "expo start --android",
      "ios": "expo start --ios",
      "web": "expo start --web",
      "eject": "expo eject"
    },
    "dependencies": {
      "@expo/vector-icons": "^13.0.0",
      "@react-native-async-storage/async-storage": "^1.17.5",
      "@react-native-community/datetimepicker": "^6.3.2",
      "@react-navigation/native": "^6.0.10",
      "@react-navigation/native-stack": "^6.6.2",
      "add": "^2.0.6",
      "axios": "^1.4.0",
      "expo": "~45.0.0",
      "expo-asset": "^8.5.0",
      "expo-auth-session": "^3.6.1",
      "expo-background-fetch": "^11.0.1",
      "expo-dev-client": "^1.2.1",
      "expo-device": "^4.3.0",
      "expo-notifications": "^0.16.1",
      "expo-random": "^12.2.0",
      "expo-status-bar": "~1.3.0",
      "expo-task-manager": "^11.0.1",
      "expo-updates": "~0.13.1",
      "expo-web-browser": "^10.2.0",
      "formik": "^2.2.9",
      "i18next": "^21.8.3",
      "moment": "^2.29.4",
      "react": "17.0.2",
      "react-dom": "17.0.2",
      "react-i18next": "^11.16.9",
      "react-native": "0.68.7",
      "react-native-calendar-strip": "^2.2.6",
      "react-native-chart-kit": "^6.12.0",
      "react-native-dotenv": "^3.3.1",
      "react-native-drop-shadow": "^0.0.4",
      "react-native-picker-scrollview": "^1.0.1",
      "react-native-picker-select": "^8.0.4",
      "react-native-raw-bottom-sheet": "^2.2.0",
      "react-native-safe-area-context": "^4.2.5",
      "react-native-screens": "^3.13.1",
      "react-native-shadow-2": "^6.0.5",
      "react-native-smooth-picker": "^1.1.5",
      "react-native-svg": "13.4.0",
      "react-native-web": "0.17.7",
      "react-native-wheel-scrollview-picker": "^2.0.1",
      "yarn": "^1.22.19",
      "yup": "^0.32.11"
    },
    "devDependencies": {
      "@babel/core": "^7.22.11"
    },
    "private": true
  }

yarn manifest: 
  No manifest

Lockfile: 
  No lockfile
